Could not read previous export (for caching), doing full export.
Detailed Worker Screen: Exporting image
Tasks: Exporting image
Item copy 22: Exporting image
Item copy 21: Exporting image
Item copy 20: Exporting image
Workers copy 2: Exporting image
Navigation Bar copy 6: Exporting image
Detailed Worker Screen copy 2: Exporting image
Tasks-2: Exporting image
Item copy-22: Exporting image
Item copy-21: Exporting image
Item copy: Exporting image
Workers copy: Exporting image
Navigation Bar copy: Exporting image
Detailed Worker Screen copy: Exporting image
Tasks-3: Exporting image
Item copy-24: Exporting image
Item copy-23: Exporting image
Item copy-20: Exporting image
Workers copy-2: Exporting image
Navigation Bar copy-6: Exporting image
Workers Screen: Exporting image
Item copy 13: Exporting image
Item copy 12: Exporting image
Item copy 11: Exporting image
Item copy 10: Exporting image
Item copy 9: Exporting image
Item copy 8: Exporting image
Item: Exporting image
Dividers copy 2: Exporting image
Navigation Bar copy-2: Exporting image
Detailed Task Screen: Exporting image
Workers: Exporting image
Item copy 23: Exporting image
Navigation Bar copy-7: Exporting image
Create Task Screen: Exporting image
Workers copy-3: Exporting image
Create Project Item copy 7: Exporting image
Create Project Item copy 6: Exporting image
Create Project Item copy 5: Exporting image
Create Project Item copy 4: Exporting image
Navigation Bar copy 5: Exporting image
Tasks Screen: Exporting image
Item copy 16: Exporting image
Item copy 15: Exporting image
Item copy 14: Exporting image
Item-2: Exporting image
Dividers copy 3: Exporting image
Navigation Bar copy 2: Exporting image
Main Screen with Update: Exporting image
Item copy 6: Exporting image
Item copy 5: Exporting image
Item copy 4: Exporting image
Item copy 3: Exporting image
Item copy 2: Exporting image
Item copy-2: Exporting image
Item-3: Exporting image
Dividers copy 4: Exporting image
Navigation Bar copy 3: Exporting image
Create Project Screen: Exporting image
Workers-2: Exporting image
Create Project Item copy 3: Exporting image
Create Project Item copy 2: Exporting image
Create Project Item copy: Exporting image
Create Project Item: Exporting image
Navigation Bar copy 4: Exporting image
Main Screen with Menu: Exporting image
Item copy-7: Exporting image
Item copy-6: Exporting image
Item copy-5: Exporting image
Item copy-4: Exporting image
Item copy-3: Exporting image
Item copy 7: Exporting image
Item-4: Exporting image
Dividers copy: Exporting image
Side Menu: Exporting image
Navigation Bar: Exporting image
Main Screen: Exporting image
Item copy-13: Exporting image
Item copy-12: Exporting image
Item copy-10: Exporting image
Item copy-9: Exporting image
Item copy-8: Exporting image
Item-5: Exporting image
Dividers: Exporting image
Navigation Bar-2: Exporting image
95 views changed
Success: /Users/pkayfire/Documents/School/CS_160/constructify_phone.framer/imported/Constructify_Phone_2 updated
